Using pre-set license
Built from '2021.3/staging' branch; Version is '2021.3.10f1 (1c7d0df0160b) revision 1867021'; Using compiler version '192829333'; Build Type 'Release'
OS: 'Windows 11  (10.0.22631) 64bit Enterprise' Language: 'en' Physical Memory: 32147 MB
BatchMode: 1, IsHumanControllingUs: 0, StartBugReporterOnCrash: 0, Is64bit: 1, IsPro: 1

COMMAND LINE ARGUMENTS:
C:\Program Files\Unity\Hub\Editor\2021.3.10f1\Editor\Unity.exe
-adb2
-batchMode
-noUpm
-name
AssetImportWorker5
-projectPath
E:/GitHub/Unity/PersonalProjects/Golden Calf
-logFile
Logs/AssetImportWorker5.log
-srvPort
63320
Successfully changed project path to: E:/GitHub/Unity/PersonalProjects/Golden Calf
E:/GitHub/Unity/PersonalProjects/Golden Calf
[UnityMemory] Configuration Parameters - Can be set up in boot.config
    "memorysetup-bucket-allocator-granularity=16"
    "memorysetup-bucket-allocator-bucket-count=8"
    "memorysetup-bucket-allocator-block-size=33554432"
    "memorysetup-bucket-allocator-block-count=8"
    "memorysetup-main-allocator-block-size=16777216"
    "memorysetup-thread-allocator-block-size=16777216"
    "memorysetup-gfx-main-allocator-block-size=16777216"
    "memorysetup-gfx-thread-allocator-block-size=16777216"
    "memorysetup-cache-allocator-block-size=4194304"
    "memorysetup-typetree-allocator-block-size=2097152"
    "memorysetup-profiler-bucket-allocator-granularity=16"
    "memorysetup-profiler-bucket-allocator-bucket-count=8"
    "memorysetup-profiler-bucket-allocator-block-size=33554432"
    "memorysetup-profiler-bucket-allocator-block-count=8"
    "memorysetup-profiler-allocator-block-size=16777216"
    "memorysetup-profiler-editor-allocator-block-size=1048576"
    "memorysetup-temp-allocator-size-main=16777216"
    "memorysetup-job-temp-allocator-block-size=2097152"
    "memorysetup-job-temp-allocator-block-size-background=1048576"
    "memorysetup-job-temp-allocator-reduction-small-platforms=262144"
    "memorysetup-temp-allocator-size-background-worker=32768"
    "memorysetup-temp-allocator-size-job-worker=262144"
    "memorysetup-temp-allocator-size-preload-manager=33554432"
    "memorysetup-temp-allocator-size-nav-mesh-worker=65536"
    "memorysetup-temp-allocator-size-audio-worker=65536"
    "memorysetup-temp-allocator-size-cloud-worker=32768"
    "memorysetup-temp-allocator-size-gi-baking-worker=262144"
    "memorysetup-temp-allocator-size-gfx=262144"
Refreshing native plugins compatible for Editor in 100.33 ms, found 3 plugins.
Preloading 0 native plugins for Editor in 0.00 ms.
Initialize engine version: 2021.3.10f1 (1c7d0df0160b)
[Subsystems] Discovering subsystems at path C:/Program Files/Unity/Hub/Editor/2021.3.10f1/Editor/Data/Resources/UnitySubsystems
[Subsystems] Discovering subsystems at path E:/GitHub/Unity/PersonalProjects/Golden Calf/Assets
GfxDevice: creating device client; threaded=0; jobified=0
Direct3D:
    Version:  Direct3D 11.0 [level 11.1]
    Renderer: AMD Radeon RX 5700 XT (ID=0x731f)
    Vendor:   ATI
    VRAM:     8151 MB
    Driver:   31.0.24002.92
Initialize mono
Mono path[0] = 'C:/Program Files/Unity/Hub/Editor/2021.3.10f1/Editor/Data/Managed'
Mono path[1] = 'C:/Program Files/Unity/Hub/Editor/2021.3.10f1/Editor/Data/MonoBleedingEdge/lib/mono/unityjit-win32'
Mono config path = 'C:/Program Files/Unity/Hub/Editor/2021.3.10f1/Editor/Data/MonoBleedingEdge/etc'
Using monoOptions --debugger-agent=transport=dt_socket,embedding=1,server=y,suspend=n,address=127.0.0.1:56916
Begin MonoManager ReloadAssembly
Registering precompiled unity dll's ...
Register platform support module: C:/Program Files/Unity/Hub/Editor/2021.3.10f1/Editor/Data/PlaybackEngines/WebGLSupport/UnityEditor.WebGL.Extensions.dll
Register platform support module: C:/Program Files/Unity/Hub/Editor/2021.3.10f1/Editor/Data/PlaybackEngines/WindowsStandaloneSupport/UnityEditor.WindowsStandalone.Extensions.dll
Registered in 0.020028 seconds.
Native extension for WindowsStandalone target not found
Native extension for WebGL target not found
Refreshing native plugins compatible for Editor in 74.69 ms, found 3 plugins.
Preloading 0 native plugins for Editor in 0.00 ms.
Mono: successfully reloaded assembly
- Completed reload, in  0.613 seconds
Domain Reload Profiling:
	ReloadAssembly (614ms)
		BeginReloadAssembly (106ms)
			ExecutionOrderSort (0ms)
			DisableScriptedObjects (0ms)
			BackupInstance (0ms)
			ReleaseScriptingObjects (0ms)
			CreateAndSetChildDomain (1ms)
		EndReloadAssembly (382ms)
			LoadAssemblies (101ms)
			RebuildTransferFunctionScriptingTraits (0ms)
			SetupTypeCache (85ms)
			ReleaseScriptCaches (0ms)
			RebuildScriptCaches (20ms)
			SetupLoadedEditorAssemblies (226ms)
				LogAssemblyErrors (0ms)
				InitializePlatformSupportModulesInManaged (11ms)
				SetLoadedEditorAssemblies (0ms)
				RefreshPlugins (75ms)
				BeforeProcessingInitializeOnLoad (1ms)
				ProcessInitializeOnLoadAttributes (104ms)
				ProcessInitializeOnLoadMethodAttributes (34ms)
				AfterProcessingInitializeOnLoad (0ms)
				EditorAssembliesLoaded (0ms)
			ExecutionOrderSort2 (0ms)
			AwakeInstancesAfterBackupRestoration (0ms)
Platform modules already initialized, skipping
Registering precompiled user dll's ...
Registered in 0.005276 seconds.
Begin MonoManager ReloadAssembly
Native extension for WindowsStandalone target not found
Native extension for WebGL target not found
Refreshing native plugins compatible for Editor in 76.69 ms, found 3 plugins.
Preloading 0 native plugins for Editor in 0.00 ms.
Mono: successfully reloaded assembly
- Completed reload, in  1.098 seconds
Domain Reload Profiling:
	ReloadAssembly (1098ms)
		BeginReloadAssembly (137ms)
			ExecutionOrderSort (0ms)
			DisableScriptedObjects (4ms)
			BackupInstance (0ms)
			ReleaseScriptingObjects (0ms)
			CreateAndSetChildDomain (17ms)
		EndReloadAssembly (847ms)
			LoadAssemblies (115ms)
			RebuildTransferFunctionScriptingTraits (0ms)
			SetupTypeCache (225ms)
			ReleaseScriptCaches (1ms)
			RebuildScriptCaches (45ms)
			SetupLoadedEditorAssemblies (468ms)
				LogAssemblyErrors (0ms)
				InitializePlatformSupportModulesInManaged (9ms)
				SetLoadedEditorAssemblies (0ms)
				RefreshPlugins (77ms)
				BeforeProcessingInitializeOnLoad (94ms)
				ProcessInitializeOnLoadAttributes (216ms)
				ProcessInitializeOnLoadMethodAttributes (54ms)
				AfterProcessingInitializeOnLoad (19ms)
				EditorAssembliesLoaded (0ms)
			ExecutionOrderSort2 (0ms)
			AwakeInstancesAfterBackupRestoration (5ms)
Platform modules already initialized, skipping
========================================================================
Worker process is ready to serve import requests
Launched and connected shader compiler UnityShaderCompiler.exe after 0.04 seconds
Refreshing native plugins compatible for Editor in 0.81 ms, found 3 plugins.
Preloading 0 native plugins for Editor in 0.00 ms.
Unloading 4836 Unused Serialized files (Serialized files now loaded: 0)
Unloading 32 unused Assets / (0.7 MB). Loaded Objects now: 5291.
Memory consumption went from 195.9 MB to 195.2 MB.
Total: 3.432800 ms (FindLiveObjects: 0.336000 ms CreateObjectMapping: 0.341500 ms MarkObjects: 2.498200 ms  DeleteObjects: 0.256300 ms)

AssetImportParameters requested are different than current active one (requested -> active):
  custom:video-decoder-ogg-theora: a1e56fd34408186e4bbccfd4996cb3dc -> 
  custom:container-muxer-webm: aa71ff27fc2769a1b78a27578f13a17b -> 
  custom:container-demuxer-webm: 4f35f7cbe854078d1ac9338744f61a02 -> 
  custom:video-encoder-webm-vp8: eb34c28f22e8b96e1ab97ce403110664 -> 
  custom:video-codec-MediaFoundation-h265: 746d11721c4dcdbdad8f713fa42b33f4 -> 
  custom:audio-encoder-webm-vorbis: bf7c407c2cedff20999df2af8eb42d56 -> 
  custom:framework-win-MediaFoundation: 216162199b28c13a410421893ffa2e32 -> 
  custom:container-demuxer-ogg: 62fdf1f143b41e24485cea50d1cbac27 -> 
  custom:video-decoder-webm-vp8: 9c59270c3fd7afecdb556c50c9e8de78 -> 
  custom:audio-decoder-ogg-vorbis: bf7c407c2cedff20999df2af8eb42d56 -> 
========================================================================
Received Import Request.
  Time since last request: 70824.179071 seconds.
  path: Packages/com.unity.collab-proxy/Editor/PlasticSCM/Assets/Images/iconinviteusers@2x.png
  artifactKey: Guid(b43651fb085b38445ade3f9de3ab0636) Importer(815301076,1909f56bfc062723c751e8b465ee728b)
Start importing Packages/com.unity.collab-proxy/Editor/PlasticSCM/Assets/Images/iconinviteusers@2x.png using Guid(b43651fb085b38445ade3f9de3ab0636) Importer(815301076,1909f56bfc062723c751e8b465ee728b)  -> (artifact id: 'f6ee8ab88b48c3536e244b0fc99060f9') in 0.125013 seconds 
========================================================================
Received Prepare
Registering precompiled user dll's ...
Registered in 0.005508 seconds.
Begin MonoManager ReloadAssembly
Native extension for WindowsStandalone target not found
Native extension for WebGL target not found
Refreshing native plugins compatible for Editor in 0.61 ms, found 3 plugins.
Preloading 0 native plugins for Editor in 0.00 ms.
Mono: successfully reloaded assembly
- Completed reload, in  0.964 seconds
Domain Reload Profiling:
	ReloadAssembly (964ms)
		BeginReloadAssembly (158ms)
			ExecutionOrderSort (0ms)
			DisableScriptedObjects (4ms)
			BackupInstance (0ms)
			ReleaseScriptingObjects (0ms)
			CreateAndSetChildDomain (35ms)
		EndReloadAssembly (706ms)
			LoadAssemblies (108ms)
			RebuildTransferFunctionScriptingTraits (0ms)
			SetupTypeCache (217ms)
			ReleaseScriptCaches (2ms)
			RebuildScriptCaches (30ms)
			SetupLoadedEditorAssemblies (351ms)
				LogAssemblyErrors (0ms)
				InitializePlatformSupportModulesInManaged (15ms)
				SetLoadedEditorAssemblies (0ms)
				RefreshPlugins (1ms)
				BeforeProcessingInitializeOnLoad (71ms)
				ProcessInitializeOnLoadAttributes (193ms)
				ProcessInitializeOnLoadMethodAttributes (52ms)
				AfterProcessingInitializeOnLoad (18ms)
				EditorAssembliesLoaded (0ms)
			ExecutionOrderSort2 (0ms)
			AwakeInstancesAfterBackupRestoration (7ms)
Platform modules already initialized, skipping
Refreshing native plugins compatible for Editor in 1.49 ms, found 3 plugins.
Preloading 0 native plugins for Editor in 0.00 ms.
Unloading 4699 Unused Serialized files (Serialized files now loaded: 0)
Unloading 25 unused Assets / (0.7 MB). Loaded Objects now: 5300.
Memory consumption went from 190.0 MB to 189.3 MB.
Total: 3.170500 ms (FindLiveObjects: 0.289600 ms CreateObjectMapping: 0.262800 ms MarkObjects: 2.374200 ms  DeleteObjects: 0.243100 ms)

AssetImportParameters requested are different than current active one (requested -> active):
  custom:video-decoder-ogg-theora: a1e56fd34408186e4bbccfd4996cb3dc -> 
  custom:container-muxer-webm: aa71ff27fc2769a1b78a27578f13a17b -> 
  custom:container-demuxer-webm: 4f35f7cbe854078d1ac9338744f61a02 -> 
  custom:video-encoder-webm-vp8: eb34c28f22e8b96e1ab97ce403110664 -> 
  custom:video-codec-MediaFoundation-h265: 746d11721c4dcdbdad8f713fa42b33f4 -> 
  custom:audio-encoder-webm-vorbis: bf7c407c2cedff20999df2af8eb42d56 -> 
  custom:framework-win-MediaFoundation: 216162199b28c13a410421893ffa2e32 -> 
  custom:container-demuxer-ogg: 62fdf1f143b41e24485cea50d1cbac27 -> 
  custom:video-decoder-webm-vp8: 9c59270c3fd7afecdb556c50c9e8de78 -> 
  custom:audio-decoder-ogg-vorbis: bf7c407c2cedff20999df2af8eb42d56 -> 
========================================================================
Received Import Request.
  Time since last request: 133.374959 seconds.
  path: Assets/Sprites/HexSequence/Comp 1_00011.png
  artifactKey: Guid(78ad7366d5e65ef43b3688a139f42bf1) Importer(815301076,1909f56bfc062723c751e8b465ee728b)
Start importing Assets/Sprites/HexSequence/Comp 1_00011.png using Guid(78ad7366d5e65ef43b3688a139f42bf1) Importer(815301076,1909f56bfc062723c751e8b465ee728b)  -> (artifact id: '91056ac5077b832efcee9ba16055b6ec') in 0.085848 seconds 
========================================================================
Received Import Request.
  Time since last request: 0.000024 seconds.
  path: Assets/Sprites/HexSequence/Comp 1_00014.png
  artifactKey: Guid(52dcba4e0e638d341a2efa3a514d15d3) Importer(815301076,1909f56bfc062723c751e8b465ee728b)
Start importing Assets/Sprites/HexSequence/Comp 1_00014.png using Guid(52dcba4e0e638d341a2efa3a514d15d3) Importer(815301076,1909f56bfc062723c751e8b465ee728b)  -> (artifact id: 'c70a069cfac02f12705737c275eb87cf') in 0.041384 seconds 
========================================================================
Received Import Request.
  Time since last request: 0.000026 seconds.
  path: Assets/Sprites/HexSequence/Comp 1_00013.png
  artifactKey: Guid(469cce720e3fe7044ba2dac5f1536432) Importer(815301076,1909f56bfc062723c751e8b465ee728b)
Start importing Assets/Sprites/HexSequence/Comp 1_00013.png using Guid(469cce720e3fe7044ba2dac5f1536432) Importer(815301076,1909f56bfc062723c751e8b465ee728b)  -> (artifact id: '0d0aff357562e29396b1292492c98b6d') in 0.036986 seconds 
========================================================================
Received Import Request.
  Time since last request: 0.079535 seconds.
  path: Assets/Sprites/HexSequence/Comp 1_00017.png
  artifactKey: Guid(0e74148fd98778e47b9e2e720297714f) Importer(815301076,1909f56bfc062723c751e8b465ee728b)
Start importing Assets/Sprites/HexSequence/Comp 1_00017.png using Guid(0e74148fd98778e47b9e2e720297714f) Importer(815301076,1909f56bfc062723c751e8b465ee728b)  -> (artifact id: '8952c582b85083e566b5673d486d302f') in 0.051051 seconds 
========================================================================
Received Import Request.
  Time since last request: 0.000020 seconds.
  path: Assets/Sprites/HexSequence/Comp 1_00019.png
  artifactKey: Guid(bc3623d34d83b2a4387946fe35fd6801) Importer(815301076,1909f56bfc062723c751e8b465ee728b)
Start importing Assets/Sprites/HexSequence/Comp 1_00019.png using Guid(bc3623d34d83b2a4387946fe35fd6801) Importer(815301076,1909f56bfc062723c751e8b465ee728b)  -> (artifact id: 'e65ede2bb84f0e22ed8ecff14f30bf56') in 0.047856 seconds 
========================================================================
Received Import Request.
  Time since last request: 0.000029 seconds.
  path: Assets/Sprites/HexSequence/Comp 1_00020.png
  artifactKey: Guid(bdbfb764e008ef14eaa5b1129953f568) Importer(815301076,1909f56bfc062723c751e8b465ee728b)
Start importing Assets/Sprites/HexSequence/Comp 1_00020.png using Guid(bdbfb764e008ef14eaa5b1129953f568) Importer(815301076,1909f56bfc062723c751e8b465ee728b)  -> (artifact id: '299f48850509d495d378a58b95262ada') in 0.041109 seconds 
========================================================================
Received Import Request.
  Time since last request: 0.000041 seconds.
  path: Assets/Sprites/HexSequence/Comp 1_00018.png
  artifactKey: Guid(434ea58980e6972448c68833a24aa36f) Importer(815301076,1909f56bfc062723c751e8b465ee728b)
Start importing Assets/Sprites/HexSequence/Comp 1_00018.png using Guid(434ea58980e6972448c68833a24aa36f) Importer(815301076,1909f56bfc062723c751e8b465ee728b)  -> (artifact id: '4f4965ca4441b1bf4baab8e6dcf10a04') in 0.042679 seconds 
========================================================================
Received Import Request.
  Time since last request: 0.651646 seconds.
  path: Assets/Sprites/HexSequenceTwo/Comp 2_00002.png
  artifactKey: Guid(7e54dae143c4b744ab11a635af7c744e) Importer(815301076,1909f56bfc062723c751e8b465ee728b)
Start importing Assets/Sprites/HexSequenceTwo/Comp 2_00002.png using Guid(7e54dae143c4b744ab11a635af7c744e) Importer(815301076,1909f56bfc062723c751e8b465ee728b)  -> (artifact id: '6d332152ea538cb51f3a221ae70460f3') in 0.055947 seconds 
========================================================================
Received Import Request.
  Time since last request: 0.000030 seconds.
  path: Assets/Sprites/HexSequenceTwo/Comp 2_00003.png
  artifactKey: Guid(470cf2cc149b66e4798cd151e2e763c1) Importer(815301076,1909f56bfc062723c751e8b465ee728b)
Start importing Assets/Sprites/HexSequenceTwo/Comp 2_00003.png using Guid(470cf2cc149b66e4798cd151e2e763c1) Importer(815301076,1909f56bfc062723c751e8b465ee728b)  -> (artifact id: 'c47c2bb601fb00c54f3f1d9e711ca9b0') in 0.048871 seconds 
========================================================================
Received Import Request.
  Time since last request: 0.000020 seconds.
  path: Assets/Sprites/HexSequenceTwo/Comp 2_00013.png
  artifactKey: Guid(d86094bb1f83a364e9a3d6ff46499733) Importer(815301076,1909f56bfc062723c751e8b465ee728b)
Start importing Assets/Sprites/HexSequenceTwo/Comp 2_00013.png using Guid(d86094bb1f83a364e9a3d6ff46499733) Importer(815301076,1909f56bfc062723c751e8b465ee728b)  -> (artifact id: '0f2615d4cc5a2229cdfbebb5c220e26b') in 0.052604 seconds 
========================================================================
Received Import Request.
  Time since last request: 0.000020 seconds.
  path: Packages/com.unity.collab-proxy/Editor/PlasticSCM/Assets/Images/d_iconretainedoverlay@2x.png
  artifactKey: Guid(c34cd61ed96ff9a40a54e159467c5155) Importer(815301076,1909f56bfc062723c751e8b465ee728b)
Start importing Packages/com.unity.collab-proxy/Editor/PlasticSCM/Assets/Images/d_iconretainedoverlay@2x.png using Guid(c34cd61ed96ff9a40a54e159467c5155) Importer(815301076,1909f56bfc062723c751e8b465ee728b)  -> (artifact id: '1a6d461c45cc85dcc7618be301ebf2fb') in 0.024760 seconds 
========================================================================
Received Import Request.
  Time since last request: 0.000037 seconds.
  path: Assets/Sprites/HexSequenceTwo/Comp 2_00016.png
  artifactKey: Guid(311f7000d969aa942a7db71a6c6daec7) Importer(815301076,1909f56bfc062723c751e8b465ee728b)
Start importing Assets/Sprites/HexSequenceTwo/Comp 2_00016.png using Guid(311f7000d969aa942a7db71a6c6daec7) Importer(815301076,1909f56bfc062723c751e8b465ee728b)  -> (artifact id: '84fa22725a53e38efa980e1a802b8e72') in 0.059430 seconds 
========================================================================
Received Import Request.
  Time since last request: 0.000038 seconds.
  path: Assets/Sprites/HexSequenceTwo/Comp 2_00006.png
  artifactKey: Guid(d9496c89c8bc858408a9a54123028475) Importer(815301076,1909f56bfc062723c751e8b465ee728b)
Start importing Assets/Sprites/HexSequenceTwo/Comp 2_00006.png using Guid(d9496c89c8bc858408a9a54123028475) Importer(815301076,1909f56bfc062723c751e8b465ee728b)  -> (artifact id: 'a50c4804ad0666d59ea2f5645a4a1501') in 0.059314 seconds 
========================================================================
Received Import Request.
  Time since last request: 0.000034 seconds.
  path: Assets/Sprites/HexSequenceTwo/Comp 2_00017.png
  artifactKey: Guid(1e3f4e22720a411459597eee7957a5d0) Importer(815301076,1909f56bfc062723c751e8b465ee728b)
Start importing Assets/Sprites/HexSequenceTwo/Comp 2_00017.png using Guid(1e3f4e22720a411459597eee7957a5d0) Importer(815301076,1909f56bfc062723c751e8b465ee728b)  -> (artifact id: '37c68c6b6c62d2a51b51a71237c20058') in 0.051628 seconds 
========================================================================
Received Import Request.
  Time since last request: 0.000028 seconds.
  path: Assets/Sprites/HexSequenceTwo/Comp 2_00007.png
  artifactKey: Guid(8a1f455b14ba58e4782700a4703e186c) Importer(815301076,1909f56bfc062723c751e8b465ee728b)
Start importing Assets/Sprites/HexSequenceTwo/Comp 2_00007.png using Guid(8a1f455b14ba58e4782700a4703e186c) Importer(815301076,1909f56bfc062723c751e8b465ee728b)  -> (artifact id: '3e33f11d462389d62f6f82713be7bfd7') in 0.050430 seconds 
========================================================================
Received Import Request.
  Time since last request: 0.000021 seconds.
  path: Assets/Sprites/HexSequenceTwo/Comp 2_00010.png
  artifactKey: Guid(91dc0be880419c0419fcda81ac306b83) Importer(815301076,1909f56bfc062723c751e8b465ee728b)
Start importing Assets/Sprites/HexSequenceTwo/Comp 2_00010.png using Guid(91dc0be880419c0419fcda81ac306b83) Importer(815301076,1909f56bfc062723c751e8b465ee728b)  -> (artifact id: '65019123b4017c8855d4ed0368e57c73') in 0.057185 seconds 
========================================================================
Received Import Request.
  Time since last request: 0.000031 seconds.
  path: Assets/Sprites/HexSequenceTwo/Comp 2_00005.png
  artifactKey: Guid(0b1da27f468d1904aa2b1233ef3a2217) Importer(815301076,1909f56bfc062723c751e8b465ee728b)
Start importing Assets/Sprites/HexSequenceTwo/Comp 2_00005.png using Guid(0b1da27f468d1904aa2b1233ef3a2217) Importer(815301076,1909f56bfc062723c751e8b465ee728b)  -> (artifact id: '42f17a9e7b3d6f7345429fd4b3fabb47') in 0.048994 seconds 
========================================================================
Received Import Request.
  Time since last request: 0.000029 seconds.
  path: Assets/Sprites/HexSequenceTwo/Comp 2_00022.png
  artifactKey: Guid(e81fd6a9da5c066439f590115cf796d0) Importer(815301076,1909f56bfc062723c751e8b465ee728b)
Start importing Assets/Sprites/HexSequenceTwo/Comp 2_00022.png using Guid(e81fd6a9da5c066439f590115cf796d0) Importer(815301076,1909f56bfc062723c751e8b465ee728b)  -> (artifact id: 'b80b0fc0c2cf60c47b7f4a8d93dd5c5b') in 0.044922 seconds 
========================================================================
Received Import Request.
  Time since last request: 0.000030 seconds.
  path: Assets/Sprites/HexSequenceTwo/Comp 2_00012.png
  artifactKey: Guid(48ff5584777d25a41987e33c69e94f51) Importer(815301076,1909f56bfc062723c751e8b465ee728b)
Start importing Assets/Sprites/HexSequenceTwo/Comp 2_00012.png using Guid(48ff5584777d25a41987e33c69e94f51) Importer(815301076,1909f56bfc062723c751e8b465ee728b)  -> (artifact id: '9eaa523934211c27534604c584abfcfb') in 0.050431 seconds 
========================================================================
Received Prepare
Registering precompiled user dll's ...
Registered in 0.006964 seconds.
Begin MonoManager ReloadAssembly
Native extension for WindowsStandalone target not found
Native extension for WebGL target not found
Refreshing native plugins compatible for Editor in 0.78 ms, found 3 plugins.
Preloading 0 native plugins for Editor in 0.00 ms.
Mono: successfully reloaded assembly
- Completed reload, in  1.083 seconds
Domain Reload Profiling:
	ReloadAssembly (1083ms)
		BeginReloadAssembly (196ms)
			ExecutionOrderSort (0ms)
			DisableScriptedObjects (4ms)
			BackupInstance (0ms)
			ReleaseScriptingObjects (0ms)
			CreateAndSetChildDomain (35ms)
		EndReloadAssembly (786ms)
			LoadAssemblies (151ms)
			RebuildTransferFunctionScriptingTraits (0ms)
			SetupTypeCache (242ms)
			ReleaseScriptCaches (2ms)
			RebuildScriptCaches (34ms)
			SetupLoadedEditorAssemblies (387ms)
				LogAssemblyErrors (0ms)
				InitializePlatformSupportModulesInManaged (15ms)
				SetLoadedEditorAssemblies (0ms)
				RefreshPlugins (1ms)
				BeforeProcessingInitializeOnLoad (70ms)
				ProcessInitializeOnLoadAttributes (221ms)
				ProcessInitializeOnLoadMethodAttributes (62ms)
				AfterProcessingInitializeOnLoad (17ms)
				EditorAssembliesLoaded (0ms)
			ExecutionOrderSort2 (0ms)
			AwakeInstancesAfterBackupRestoration (7ms)
Platform modules already initialized, skipping
Refreshing native plugins compatible for Editor in 1.57 ms, found 3 plugins.
Preloading 0 native plugins for Editor in 0.00 ms.
Unloading 4699 Unused Serialized files (Serialized files now loaded: 0)
Unloading 25 unused Assets / (0.7 MB). Loaded Objects now: 5309.
Memory consumption went from 190.0 MB to 189.4 MB.
Total: 2.972100 ms (FindLiveObjects: 0.269600 ms CreateObjectMapping: 0.111000 ms MarkObjects: 2.341300 ms  DeleteObjects: 0.249300 ms)

AssetImportParameters requested are different than current active one (requested -> active):
  custom:video-decoder-ogg-theora: a1e56fd34408186e4bbccfd4996cb3dc -> 
  custom:container-muxer-webm: aa71ff27fc2769a1b78a27578f13a17b -> 
  custom:container-demuxer-webm: 4f35f7cbe854078d1ac9338744f61a02 -> 
  custom:video-encoder-webm-vp8: eb34c28f22e8b96e1ab97ce403110664 -> 
  custom:video-codec-MediaFoundation-h265: 746d11721c4dcdbdad8f713fa42b33f4 -> 
  custom:audio-encoder-webm-vorbis: bf7c407c2cedff20999df2af8eb42d56 -> 
  custom:framework-win-MediaFoundation: 216162199b28c13a410421893ffa2e32 -> 
  custom:container-demuxer-ogg: 62fdf1f143b41e24485cea50d1cbac27 -> 
  custom:video-decoder-webm-vp8: 9c59270c3fd7afecdb556c50c9e8de78 -> 
  custom:audio-decoder-ogg-vorbis: bf7c407c2cedff20999df2af8eb42d56 -> 
Editor requested this worker to shutdown with reason: Scaling down because of idle timeout
AssetImportWorker is now disconnected from the server
Process exiting
Exiting without the bug reporter. Application will terminate with return code 0